<?xml version="1.0" encoding="UTF-8"?>
<!-- Generated by org.testng.reporters.JUnitXMLReporter -->
<testsuite hostname="DESKTOP-0HI34DT" ignored="0" name="Open Account Test" tests="1" failures="1" timestamp="02 mar 2019 14:04:01 GMT" time="22.434" errors="0">
  <testcase name="openAccount" time="22.423" classname="testcases.OpenAccountTest">
    <failure type="org.openqa.selenium.NoSuchElementException" message="Cannot locate element with text: Raman Arora
For documentation on this error, please visit: http://seleniumhq.org/exceptions/no_such_element.html
Build info: version: &amp;apos;3.13.0&amp;apos;, revision: &amp;apos;2f0d292&amp;apos;, time: &amp;apos;2018-06-25T15:24:21.231Z&amp;apos;
System info: host: &amp;apos;DESKTOP-0HI34DT&amp;apos;, ip: &amp;apos;192.168.1.128&amp;apos;, os.name: &amp;apos;Windows 10&amp;apos;, os.arch: &amp;apos;amd64&amp;apos;, os.version: &amp;apos;10.0&amp;apos;, java.version: &amp;apos;1.8.0_191&amp;apos;
Driver info: driver.version: unknown">
      <![CDATA[org.openqa.selenium.NoSuchElementException: Cannot locate element with text: Raman Arora
For documentation on this error, please visit: http://seleniumhq.org/exceptions/no_such_element.html
Build info: version: '3.13.0', revision: '2f0d292', time: '2018-06-25T15:24:21.231Z'
System info: host: 'DESKTOP-0HI34DT', ip: '192.168.1.128', os.name: 'Windows 10', os.arch: 'amd64', os.version: '10.0', java.version: '1.8.0_191'
Driver info: driver.version: unknown
at org.openqa.selenium.support.ui.Select.selectByVisibleText(Select.java:151)
at base.BaseTest.select(BaseTest.java:213)
at testcases.OpenAccountTest.openAccount(OpenAccountTest.java:22)
... Removed 25 stack frames]]>
    </failure>
  </testcase> <!-- openAccount -->
</testsuite> <!-- Open Account Test -->
